<?xml version="1.0" encoding="UTF-8"?>
<!-- Generated by org.testng.reporters.JUnitReportReporter -->
<testsuite hostname="Kiran-PC" name="VF_Quote_Creation_And_Response.FTL_Quote_Creation_Buyer_Ranking_Basis_Per_Period" tests="13" failures="0" timestamp="18 Jul 2020 12:31:56 GMT" time="228.164" errors="0">
  <testcase name="Open_Modify" time="11.929" classname="VF_Quote_Creation_And_Response.FTL_Quote_Creation_Buyer_Ranking_Basis_Per_Period"/>
  <testcase name="Select_Division_And_Delivery_Location" time="11.467" classname="VF_Quote_Creation_And_Response.FTL_Quote_Creation_Buyer_Ranking_Basis_Per_Period"/>
  <testcase name="Veify_Buyer_Logout" time="4.043" classname="VF_Quote_Creation_And_Response.FTL_Quote_Creation_Buyer_Ranking_Basis_Per_Period"/>
  <testcase name="verify_buyer_login" time="0.619" classname="VF_Quote_Creation_And_Response.FTL_Quote_Creation_Buyer_Ranking_Basis_Per_Period"/>
  <testcase name="Quote_Save_As_Draft" time="9.469" classname="VF_Quote_Creation_And_Response.FTL_Quote_Creation_Buyer_Ranking_Basis_Per_Period"/>
  <testcase name="Buyer_Login" time="15.505" classname="VF_Quote_Creation_And_Response.FTL_Quote_Creation_Buyer_Ranking_Basis_Per_Period"/>
  <testcase name="Enter_Details_In_Tand" time="75.392" classname="VF_Quote_Creation_And_Response.FTL_Quote_Creation_Buyer_Ranking_Basis_Per_Period"/>
  <testcase name="Select_Sellers_For_Quote" time="21.880" classname="VF_Quote_Creation_And_Response.FTL_Quote_Creation_Buyer_Ranking_Basis_Per_Period"/>
  <testcase name="Navigate_to_Create_Or_View_Page" time="5.250" classname="VF_Quote_Creation_And_Response.FTL_Quote_Creation_Buyer_Ranking_Basis_Per_Period"/>
  <testcase name="Enter_Details_In_Create_Quote" time="8.335" classname="VF_Quote_Creation_And_Response.FTL_Quote_Creation_Buyer_Ranking_Basis_Per_Period"/>
  <testcase name="Save_And_Send_Quote_To_Seller" time="8.918" classname="VF_Quote_Creation_And_Response.FTL_Quote_Creation_Buyer_Ranking_Basis_Per_Period"/>
  <testcase name="Verify_Save_And_Send_Quote_In_Active_Quotes" time="8.063" classname="VF_Quote_Creation_And_Response.FTL_Quote_Creation_Buyer_Ranking_Basis_Per_Period"/>
  <testcase name="Browser" time="47.294" classname="VF_Quote_Creation_And_Response.FTL_Quote_Creation_Buyer_Ranking_Basis_Per_Period"/>
</testsuite> <!-- VF_Quote_Creation_And_Response.FTL_Quote_Creation_Buyer_Ranking_Basis_Per_Period -->
