<?xml version="1.0" encoding="UTF-8"?>
<!-- Generated by org.testng.reporters.JUnitReportReporter -->
<testsuite hostname="Kiran-PC" name="VF_Quote_Creation_And_Response.LTL_TW_Quote_Creation_Buyer_Ranking_Basis_Per_Period" tests="14" failures="0" timestamp="2 Jun 2020 15:39:50 GMT" time="123.811" errors="0">
  <testcase name="Logout_Buyer" time="3.658" classname="VF_Quote_Creation_And_Response.LTL_TW_Quote_Creation_Buyer_Ranking_Basis_Per_Period"/>
  <testcase name="Select_Sellers_for_Draft_Quote" time="14.455" classname="VF_Quote_Creation_And_Response.LTL_TW_Quote_Creation_Buyer_Ranking_Basis_Per_Period"/>
  <testcase name="Select_Payment_and_Service_Schedule_Pattern_in_TandC" time="6.749" classname="VF_Quote_Creation_And_Response.LTL_TW_Quote_Creation_Buyer_Ranking_Basis_Per_Period"/>
  <testcase name="verify_buyer_login" time="1.180" classname="VF_Quote_Creation_And_Response.LTL_TW_Quote_Creation_Buyer_Ranking_Basis_Per_Period"/>
  <testcase name="Navigate_to_Create_Or_View_Page" time="4.835" classname="VF_Quote_Creation_And_Response.LTL_TW_Quote_Creation_Buyer_Ranking_Basis_Per_Period"/>
  <testcase name="Open_Modify" time="7.791" classname="VF_Quote_Creation_And_Response.LTL_TW_Quote_Creation_Buyer_Ranking_Basis_Per_Period"/>
  <testcase name="Browser" time="8.405" classname="VF_Quote_Creation_And_Response.LTL_TW_Quote_Creation_Buyer_Ranking_Basis_Per_Period"/>
  <testcase name="Buyer_Login" time="11.548" classname="VF_Quote_Creation_And_Response.LTL_TW_Quote_Creation_Buyer_Ranking_Basis_Per_Period"/>
  <testcase name="Save_And_Send_Draft_Quote" time="8.868" classname="VF_Quote_Creation_And_Response.LTL_TW_Quote_Creation_Buyer_Ranking_Basis_Per_Period"/>
  <testcase name="Enter_Details_In_Tand" time="28.797" classname="VF_Quote_Creation_And_Response.LTL_TW_Quote_Creation_Buyer_Ranking_Basis_Per_Period"/>
  <testcase name="Enter_Details_In_Create_Quote" time="6.983" classname="VF_Quote_Creation_And_Response.LTL_TW_Quote_Creation_Buyer_Ranking_Basis_Per_Period"/>
  <testcase name="Select_Division_And_Delivery_Location" time="6.374" classname="VF_Quote_Creation_And_Response.LTL_TW_Quote_Creation_Buyer_Ranking_Basis_Per_Period"/>
  <testcase name="Verify_Save_And_Send_Quote_in_Active_tab" time="6.493" classname="VF_Quote_Creation_And_Response.LTL_TW_Quote_Creation_Buyer_Ranking_Basis_Per_Period"/>
  <testcase name="Quote_Save_As_Draft" time="7.675" classname="VF_Quote_Creation_And_Response.LTL_TW_Quote_Creation_Buyer_Ranking_Basis_Per_Period"/>
</testsuite> <!-- VF_Quote_Creation_And_Response.LTL_TW_Quote_Creation_Buyer_Ranking_Basis_Per_Period -->
