<?xml version="1.0" encoding="UTF-8"?>
<!-- Generated by org.testng.reporters.JUnitReportReporter -->
<testsuite hostname="Kiran-PC" name="VF_Quote_Creation_And_Response.FTL_Quote_Creation_Buyer_Ranking_Basis_Per_Del" tests="13" failures="0" timestamp="18 Jul 2020 12:31:56 GMT" time="241.463" errors="0">
  <testcase name="Enter_Details_In_Tand" time="69.674" classname="VF_Quote_Creation_And_Response.FTL_Quote_Creation_Buyer_Ranking_Basis_Per_Del"/>
  <testcase name="Select_Division_And_Delivery_Location" time="11.864" classname="VF_Quote_Creation_And_Response.FTL_Quote_Creation_Buyer_Ranking_Basis_Per_Del"/>
  <testcase name="Open_Modify" time="16.671" classname="VF_Quote_Creation_And_Response.FTL_Quote_Creation_Buyer_Ranking_Basis_Per_Del"/>
  <testcase name="verify_buyer_login" time="0.668" classname="VF_Quote_Creation_And_Response.FTL_Quote_Creation_Buyer_Ranking_Basis_Per_Del"/>
  <testcase name="Verify_Save_And_Send_Quote_In_Active_Quotes" time="8.156" classname="VF_Quote_Creation_And_Response.FTL_Quote_Creation_Buyer_Ranking_Basis_Per_Del"/>
  <testcase name="Quote_Save_As_Draft" time="9.806" classname="VF_Quote_Creation_And_Response.FTL_Quote_Creation_Buyer_Ranking_Basis_Per_Del"/>
  <testcase name="Save_And_Send_Quote_To_Seller" time="10.287" classname="VF_Quote_Creation_And_Response.FTL_Quote_Creation_Buyer_Ranking_Basis_Per_Del"/>
  <testcase name="Buyer_Login" time="26.676" classname="VF_Quote_Creation_And_Response.FTL_Quote_Creation_Buyer_Ranking_Basis_Per_Del"/>
  <testcase name="Navigate_to_Create_Or_View_Page" time="5.198" classname="VF_Quote_Creation_And_Response.FTL_Quote_Creation_Buyer_Ranking_Basis_Per_Del"/>
  <testcase name="Enter_Details_In_Create_Quote" time="11.326" classname="VF_Quote_Creation_And_Response.FTL_Quote_Creation_Buyer_Ranking_Basis_Per_Del"/>
  <testcase name="Browser" time="39.867" classname="VF_Quote_Creation_And_Response.FTL_Quote_Creation_Buyer_Ranking_Basis_Per_Del"/>
  <testcase name="Veify_Buyer_Logout" time="4.274" classname="VF_Quote_Creation_And_Response.FTL_Quote_Creation_Buyer_Ranking_Basis_Per_Del"/>
  <testcase name="Select_Sellers_For_Quote" time="26.996" classname="VF_Quote_Creation_And_Response.FTL_Quote_Creation_Buyer_Ranking_Basis_Per_Del"/>
</testsuite> <!-- VF_Quote_Creation_And_Response.FTL_Quote_Creation_Buyer_Ranking_Basis_Per_Del -->
