<?xml version="1.0" encoding="UTF-8"?>
<!-- Generated by org.testng.reporters.JUnitReportReporter -->
<testsuite hostname="Kiran-PC" name="VF_Quote_Creation_And_Response.LTL_MF_Quote_Buyer_Side_Verification_Ranking_Basis_Per_Gal" tests="32" failures="0" timestamp="1 Jun 2020 12:42:24 GMT" time="156.005" errors="0">
  <testcase name="Navigate_to_Create_Or_View_Page" time="4.890" classname="VF_Quote_Creation_And_Response.LTL_MF_Quote_Buyer_Side_Verification_Ranking_Basis_Per_Gal"/>
  <testcase name="Open_Quote_In_Active_Tab" time="9.369" classname="VF_Quote_Creation_And_Response.LTL_MF_Quote_Buyer_Side_Verification_Ranking_Basis_Per_Gal"/>
  <testcase name="Verify_Buyer_Calculations_on_Workbench" time="7.019" classname="VF_Quote_Creation_And_Response.LTL_MF_Quote_Buyer_Side_Verification_Ranking_Basis_Per_Gal"/>
  <testcase name="Verify_Page_Navigated_To_Delivery_Location" time="13.545" classname="VF_Quote_Creation_And_Response.LTL_MF_Quote_Buyer_Side_Verification_Ranking_Basis_Per_Gal"/>
  <testcase name="Open_Workbench" time="0.169" classname="VF_Quote_Creation_And_Response.LTL_MF_Quote_Buyer_Side_Verification_Ranking_Basis_Per_Gal"/>
  <testcase name="Verify_Delivery_Flat_Fee_for_Seller_Freight_Rates_In_TandC_for_Awarded_Quote" time="2.666" classname="VF_Quote_Creation_And_Response.LTL_MF_Quote_Buyer_Side_Verification_Ranking_Basis_Per_Gal"/>
  <testcase name="Award_Quote" time="32.133" classname="VF_Quote_Creation_And_Response.LTL_MF_Quote_Buyer_Side_Verification_Ranking_Basis_Per_Gal"/>
  <testcase name="Verify_Delivery_Flat_Fee_for_Seller_Freight_Rates_In_Workbench_for_Awarded_quote" time="0.575" classname="VF_Quote_Creation_And_Response.LTL_MF_Quote_Buyer_Side_Verification_Ranking_Basis_Per_Gal"/>
  <testcase name="Open_View_in_TandC_in_Awarded_Quote" time="0.177" classname="VF_Quote_Creation_And_Response.LTL_MF_Quote_Buyer_Side_Verification_Ranking_Basis_Per_Gal"/>
  <testcase name="Open_View_in_TandC" time="0.170" classname="VF_Quote_Creation_And_Response.LTL_MF_Quote_Buyer_Side_Verification_Ranking_Basis_Per_Gal"/>
  <testcase name="Buyer_Login" time="18.791" classname="VF_Quote_Creation_And_Response.LTL_MF_Quote_Buyer_Side_Verification_Ranking_Basis_Per_Gal"/>
  <testcase name="Veify_Buyer_Logout" time="3.755" classname="VF_Quote_Creation_And_Response.LTL_MF_Quote_Buyer_Side_Verification_Ranking_Basis_Per_Gal"/>
  <testcase name="Verify_Freight_And_Margin_$_Per_Gallon_for_Seller_Freight_Rates_In_Workbench_for_Awarded_quote" time="0.243" classname="VF_Quote_Creation_And_Response.LTL_MF_Quote_Buyer_Side_Verification_Ranking_Basis_Per_Gal"/>
  <testcase name="Verify_Delivery_Flat_Fee_for_Seller_Freight_Rates_In_TandC" time="5.363" classname="VF_Quote_Creation_And_Response.LTL_MF_Quote_Buyer_Side_Verification_Ranking_Basis_Per_Gal"/>
  <testcase name="Verify_Final_Total_And_Ranking_Basis_in_TandC_for_Awarded_Quote" time="3.308" classname="VF_Quote_Creation_And_Response.LTL_MF_Quote_Buyer_Side_Verification_Ranking_Basis_Per_Gal"/>
  <testcase name="Verify_awarded_Quote_Status" time="0.052" classname="VF_Quote_Creation_And_Response.LTL_MF_Quote_Buyer_Side_Verification_Ranking_Basis_Per_Gal"/>
  <testcase name="Verify_Freight_And_Margin_$_Per_Gallon_for_Seller_Freight_Rates_In_TandC" time="0.245" classname="VF_Quote_Creation_And_Response.LTL_MF_Quote_Buyer_Side_Verification_Ranking_Basis_Per_Gal"/>
  <testcase name="Verify_Freight_And_Margin_$_Per_Gallon_for_Seller_Freight_Rates_In_Workbench" time="0.207" classname="VF_Quote_Creation_And_Response.LTL_MF_Quote_Buyer_Side_Verification_Ranking_Basis_Per_Gal"/>
  <testcase name="Open_Awarded_Quote" time="21.244" classname="VF_Quote_Creation_And_Response.LTL_MF_Quote_Buyer_Side_Verification_Ranking_Basis_Per_Gal"/>
  <testcase name="Close_Workbench_for_Awarded_quote" time="2.229" classname="VF_Quote_Creation_And_Response.LTL_MF_Quote_Buyer_Side_Verification_Ranking_Basis_Per_Gal"/>
  <testcase name="Verify_Freight_And_Margin_$_Per_Gallon_for_Seller_Freight_Rates_In_TandC_for_Awarded_Quote" time="0.247" classname="VF_Quote_Creation_And_Response.LTL_MF_Quote_Buyer_Side_Verification_Ranking_Basis_Per_Gal"/>
  <testcase name="Verify_$_Per_Gal_Values_in_Workbench" time="0.164" classname="VF_Quote_Creation_And_Response.LTL_MF_Quote_Buyer_Side_Verification_Ranking_Basis_Per_Gal"/>
  <testcase name="Verify_Buyer_Calculations_on_Workbench_for_Awarded_quote" time="7.131" classname="VF_Quote_Creation_And_Response.LTL_MF_Quote_Buyer_Side_Verification_Ranking_Basis_Per_Gal"/>
  <testcase name="Verify_$_Per_Gal_Values_in_Workbench_for_Awarded_quote" time="0.276" classname="VF_Quote_Creation_And_Response.LTL_MF_Quote_Buyer_Side_Verification_Ranking_Basis_Per_Gal"/>
  <testcase name="Browser" time="10.600" classname="VF_Quote_Creation_And_Response.LTL_MF_Quote_Buyer_Side_Verification_Ranking_Basis_Per_Gal"/>
  <testcase name="Close_Workbench" time="2.212" classname="VF_Quote_Creation_And_Response.LTL_MF_Quote_Buyer_Side_Verification_Ranking_Basis_Per_Gal"/>
  <testcase name="Open_Workbench_for_Awarded_quote" time="0.199" classname="VF_Quote_Creation_And_Response.LTL_MF_Quote_Buyer_Side_Verification_Ranking_Basis_Per_Gal"/>
  <testcase name="verify_buyer_login" time="0.056" classname="VF_Quote_Creation_And_Response.LTL_MF_Quote_Buyer_Side_Verification_Ranking_Basis_Per_Gal"/>
  <testcase name="Verify_Delivery_Flat_Fee_for_Seller_Freight_Rates_In_Workbench" time="0.598" classname="VF_Quote_Creation_And_Response.LTL_MF_Quote_Buyer_Side_Verification_Ranking_Basis_Per_Gal"/>
  <testcase name="Verify_Quote_in_Awarded_Tab" time="5.048" classname="VF_Quote_Creation_And_Response.LTL_MF_Quote_Buyer_Side_Verification_Ranking_Basis_Per_Gal"/>
  <testcase name="Verify_Page_Navigated_To_Delivery_Location_in_Awarded_Quote" time="0.054" classname="VF_Quote_Creation_And_Response.LTL_MF_Quote_Buyer_Side_Verification_Ranking_Basis_Per_Gal"/>
  <testcase name="Verify_Final_Total_And_Ranking_Basis_in_TandC" time="3.270" classname="VF_Quote_Creation_And_Response.LTL_MF_Quote_Buyer_Side_Verification_Ranking_Basis_Per_Gal"/>
</testsuite> <!-- VF_Quote_Creation_And_Response.LTL_MF_Quote_Buyer_Side_Verification_Ranking_Basis_Per_Gal -->
