<?xml version="1.0" encoding="UTF-8"?>
<!-- Generated by org.testng.reporters.JUnitReportReporter -->
<testsuite hostname="Kiran-PC" name="VF_Quote_Creation_And_Response.LTL_TW_Quote_Seller_Response_Ranking_Basis_Per_Del" tests="29" failures="0" timestamp="2 Jun 2020 11:06:36 GMT" time="114.704" errors="0">
  <testcase name="Submit_response" time="6.407" classname="VF_Quote_Creation_And_Response.LTL_TW_Quote_Seller_Response_Ranking_Basis_Per_Del"/>
  <testcase name="Navigate_to_Review_Quote" time="9.115" classname="VF_Quote_Creation_And_Response.LTL_TW_Quote_Seller_Response_Ranking_Basis_Per_Del"/>
  <testcase name="Verify_Freight_And_Margin_$_Per_Gallon_for_Seller_Freight_Rates_In_TandC" time="0.317" classname="VF_Quote_Creation_And_Response.LTL_TW_Quote_Seller_Response_Ranking_Basis_Per_Del"/>
  <testcase name="Save_Response_in_Quick_Response" time="4.153" classname="VF_Quote_Creation_And_Response.LTL_TW_Quote_Seller_Response_Ranking_Basis_Per_Del"/>
  <testcase name="Seller_New_Quote_Search" time="14.242" classname="VF_Quote_Creation_And_Response.LTL_TW_Quote_Seller_Response_Ranking_Basis_Per_Del"/>
  <testcase name="Verify_finaltotal_and_RankingBasis_Values" time="10.783" classname="VF_Quote_Creation_And_Response.LTL_TW_Quote_Seller_Response_Ranking_Basis_Per_Del"/>
  <testcase name="Retrieve_$_Per_Period_Values_From_TandC" time="0.414" classname="VF_Quote_Creation_And_Response.LTL_TW_Quote_Seller_Response_Ranking_Basis_Per_Del"/>
  <testcase name="Seller_Login" time="9.081" classname="VF_Quote_Creation_And_Response.LTL_TW_Quote_Seller_Response_Ranking_Basis_Per_Del"/>
  <testcase name="Retrieve_$_Per_Del_Values_From_TandC" time="0.459" classname="VF_Quote_Creation_And_Response.LTL_TW_Quote_Seller_Response_Ranking_Basis_Per_Del"/>
  <testcase name="Verify_Quote_status_as_HoldAsDraft" time="0.096" classname="VF_Quote_Creation_And_Response.LTL_TW_Quote_Seller_Response_Ranking_Basis_Per_Del"/>
  <testcase name="Set_Product_Category_Values" time="0.920" classname="VF_Quote_Creation_And_Response.LTL_TW_Quote_Seller_Response_Ranking_Basis_Per_Del"/>
  <testcase name="Verify_$_Per_Del_Values_in_Workbench" time="0.232" classname="VF_Quote_Creation_And_Response.LTL_TW_Quote_Seller_Response_Ranking_Basis_Per_Del"/>
  <testcase name="Enter_valid_Margin_$_Per_Gal" time="0.701" classname="VF_Quote_Creation_And_Response.LTL_TW_Quote_Seller_Response_Ranking_Basis_Per_Del"/>
  <testcase name="check_Publish_To_Buyer_Calculator" time="0.152" classname="VF_Quote_Creation_And_Response.LTL_TW_Quote_Seller_Response_Ranking_Basis_Per_Del"/>
  <testcase name="Retrieve_$_Per_Gal_Values_From_TandC" time="0.371" classname="VF_Quote_Creation_And_Response.LTL_TW_Quote_Seller_Response_Ranking_Basis_Per_Del"/>
  <testcase name="Open_Browser" time="9.002" classname="VF_Quote_Creation_And_Response.LTL_TW_Quote_Seller_Response_Ranking_Basis_Per_Del"/>
  <testcase name="Verify_Freight_And_Margin_$_Per_Gallon_for_Seller_Freight_Rates_In_Workbench" time="0.188" classname="VF_Quote_Creation_And_Response.LTL_TW_Quote_Seller_Response_Ranking_Basis_Per_Del"/>
  <testcase name="Get_Values_from_Buyer_Calculator" time="1.409" classname="VF_Quote_Creation_And_Response.LTL_TW_Quote_Seller_Response_Ranking_Basis_Per_Del"/>
  <testcase name="Verify_$_Per_Period_Values_in_Workbench" time="0.231" classname="VF_Quote_Creation_And_Response.LTL_TW_Quote_Seller_Response_Ranking_Basis_Per_Del"/>
  <testcase name="Verify_$_Per_Gal_Values_in_Workbench" time="0.238" classname="VF_Quote_Creation_And_Response.LTL_TW_Quote_Seller_Response_Ranking_Basis_Per_Del"/>
  <testcase name="Verify_Quote_status_as_ReadytoSubmit" time="0.056" classname="VF_Quote_Creation_And_Response.LTL_TW_Quote_Seller_Response_Ranking_Basis_Per_Del"/>
  <testcase name="Select_OPIS_State_And_City" time="8.323" classname="VF_Quote_Creation_And_Response.LTL_TW_Quote_Seller_Response_Ranking_Basis_Per_Del"/>
  <testcase name="verify_Seller_login" time="0.666" classname="VF_Quote_Creation_And_Response.LTL_TW_Quote_Seller_Response_Ranking_Basis_Per_Del"/>
  <testcase name="Enter_Delivery_Flat_Fee_And_freight_$_per_gal_in_Quick_response_grid" time="0.967" classname="VF_Quote_Creation_And_Response.LTL_TW_Quote_Seller_Response_Ranking_Basis_Per_Del"/>
  <testcase name="Verify_Delivery_Flat_Fee_for_Seller_Freight_Rates_In_TandC" time="6.995" classname="VF_Quote_Creation_And_Response.LTL_TW_Quote_Seller_Response_Ranking_Basis_Per_Del"/>
  <testcase name="Verify_Delivery_Flat_Fee_for_Seller_Freight_Rates_In_Workbench" time="3.060" classname="VF_Quote_Creation_And_Response.LTL_TW_Quote_Seller_Response_Ranking_Basis_Per_Del"/>
  <testcase name="Logout_seller" time="1.706" classname="VF_Quote_Creation_And_Response.LTL_TW_Quote_Seller_Response_Ranking_Basis_Per_Del"/>
  <testcase name="Verify_Quote_status_as_NEW" time="0.075" classname="VF_Quote_Creation_And_Response.LTL_TW_Quote_Seller_Response_Ranking_Basis_Per_Del"/>
  <testcase name="verify_Submitted_quote_in_Active" time="24.345" classname="VF_Quote_Creation_And_Response.LTL_TW_Quote_Seller_Response_Ranking_Basis_Per_Del"/>
</testsuite> <!-- VF_Quote_Creation_And_Response.LTL_TW_Quote_Seller_Response_Ranking_Basis_Per_Del -->
