<?xml version="1.0" encoding="UTF-8"?>
<!-- Generated by org.testng.reporters.JUnitReportReporter -->
<testsuite hostname="Kiran-PC" name="VF_Quote_Creation_And_Response.LTL_MF_Quote_Creation_Buyer_Ranking_Basis_Per_Gal" tests="14" failures="0" timestamp="1 Jun 2020 12:13:16 GMT" time="179.362" errors="0">
  <testcase name="Open_Modify" time="29.551" classname="VF_Quote_Creation_And_Response.LTL_MF_Quote_Creation_Buyer_Ranking_Basis_Per_Gal"/>
  <testcase name="Navigate_to_Create_Or_View_Page" time="5.692" classname="VF_Quote_Creation_And_Response.LTL_MF_Quote_Creation_Buyer_Ranking_Basis_Per_Gal"/>
  <testcase name="Enter_Details_In_Create_Quote" time="7.622" classname="VF_Quote_Creation_And_Response.LTL_MF_Quote_Creation_Buyer_Ranking_Basis_Per_Gal"/>
  <testcase name="Quote_Save_As_Draft" time="9.602" classname="VF_Quote_Creation_And_Response.LTL_MF_Quote_Creation_Buyer_Ranking_Basis_Per_Gal"/>
  <testcase name="Enter_Details_In_Tand" time="48.361" classname="VF_Quote_Creation_And_Response.LTL_MF_Quote_Creation_Buyer_Ranking_Basis_Per_Gal"/>
  <testcase name="Browser" time="9.077" classname="VF_Quote_Creation_And_Response.LTL_MF_Quote_Creation_Buyer_Ranking_Basis_Per_Gal"/>
  <testcase name="Select_Sellers_for_Draft_Quote" time="18.698" classname="VF_Quote_Creation_And_Response.LTL_MF_Quote_Creation_Buyer_Ranking_Basis_Per_Gal"/>
  <testcase name="Logout_Buyer" time="4.182" classname="VF_Quote_Creation_And_Response.LTL_MF_Quote_Creation_Buyer_Ranking_Basis_Per_Gal"/>
  <testcase name="verify_buyer_login" time="1.429" classname="VF_Quote_Creation_And_Response.LTL_MF_Quote_Creation_Buyer_Ranking_Basis_Per_Gal"/>
  <testcase name="Buyer_Login" time="9.800" classname="VF_Quote_Creation_And_Response.LTL_MF_Quote_Creation_Buyer_Ranking_Basis_Per_Gal"/>
  <testcase name="Verify_Save_And_Send_Quote_in_Active_tab" time="7.165" classname="VF_Quote_Creation_And_Response.LTL_MF_Quote_Creation_Buyer_Ranking_Basis_Per_Gal"/>
  <testcase name="Save_And_Send_Draft_Quote" time="11.669" classname="VF_Quote_Creation_And_Response.LTL_MF_Quote_Creation_Buyer_Ranking_Basis_Per_Gal"/>
  <testcase name="Select_Payment_and_Service_Schedule_Pattern_in_TandC" time="8.843" classname="VF_Quote_Creation_And_Response.LTL_MF_Quote_Creation_Buyer_Ranking_Basis_Per_Gal"/>
  <testcase name="Select_Division_And_Delivery_Location" time="7.671" classname="VF_Quote_Creation_And_Response.LTL_MF_Quote_Creation_Buyer_Ranking_Basis_Per_Gal"/>
</testsuite> <!-- VF_Quote_Creation_And_Response.LTL_MF_Quote_Creation_Buyer_Ranking_Basis_Per_Gal -->
