<?xml version="1.0" encoding="UTF-8"?>
<!-- Generated by org.testng.reporters.JUnitReportReporter -->
<testsuite hostname="Kiran-PC" name="VF_Quote_Creation_And_Response.FTL_Quote_Buyer_Side_Verification_Ranking_Basis_Per_Del" tests="51" failures="0" timestamp="18 Jul 2020 12:31:56 GMT" time="205.841" errors="0">
  <testcase name="Verify_Buyer_Calculations_on_Workbench_for_Awarded_quote" time="8.309" classname="VF_Quote_Creation_And_Response.FTL_Quote_Buyer_Side_Verification_Ranking_Basis_Per_Del"/>
  <testcase name="Verify_$_Per_del_Values_on_Workbench_for_Awarded_quote" time="0.254" classname="VF_Quote_Creation_And_Response.FTL_Quote_Buyer_Side_Verification_Ranking_Basis_Per_Del"/>
  <testcase name="Verify_Page_Is_Navigated_To_Manage_Rounds" time="17.053" classname="VF_Quote_Creation_And_Response.FTL_Quote_Buyer_Side_Verification_Ranking_Basis_Per_Del"/>
  <testcase name="Verify_$_Per_Period_Values_on_TandC_for_Awarded_quote" time="0.350" classname="VF_Quote_Creation_And_Response.FTL_Quote_Buyer_Side_Verification_Ranking_Basis_Per_Del"/>
  <testcase name="Verify_Tolls_in_Workbench" time="0.349" classname="VF_Quote_Creation_And_Response.FTL_Quote_Buyer_Side_Verification_Ranking_Basis_Per_Del"/>
  <testcase name="Verify_finaltotal_and_RankingBasis_Values_in_TandC_for_Awarded_quote_for_Awarded_Quote" time="5.588" classname="VF_Quote_Creation_And_Response.FTL_Quote_Buyer_Side_Verification_Ranking_Basis_Per_Del"/>
  <testcase name="Open_Delivery_Location_list" time="0.118" classname="VF_Quote_Creation_And_Response.FTL_Quote_Buyer_Side_Verification_Ranking_Basis_Per_Del"/>
  <testcase name="Browser" time="19.004" classname="VF_Quote_Creation_And_Response.FTL_Quote_Buyer_Side_Verification_Ranking_Basis_Per_Del"/>
  <testcase name="Verify_Total_Charges_Frt_$_Per_Gall_in_TandC_for_Awarded_quote" time="0.830" classname="VF_Quote_Creation_And_Response.FTL_Quote_Buyer_Side_Verification_Ranking_Basis_Per_Del"/>
  <testcase name="Verify_$_Per_del_Values_on_TandC_for_Awarded_quote" time="0.435" classname="VF_Quote_Creation_And_Response.FTL_Quote_Buyer_Side_Verification_Ranking_Basis_Per_Del"/>
  <testcase name="Verify_Total_Charges_Frt_$_Per_Gall_in_Workbench_for_Awarded_quote" time="1.107" classname="VF_Quote_Creation_And_Response.FTL_Quote_Buyer_Side_Verification_Ranking_Basis_Per_Del"/>
  <testcase name="Verify_$_Per_Period_Values_on_TandC" time="0.198" classname="VF_Quote_Creation_And_Response.FTL_Quote_Buyer_Side_Verification_Ranking_Basis_Per_Del"/>
  <testcase name="Verify_Freight_Per_Gallon_Values_in_WorkBench_for_Awarded_quote" time="0.870" classname="VF_Quote_Creation_And_Response.FTL_Quote_Buyer_Side_Verification_Ranking_Basis_Per_Del"/>
  <testcase name="verify_buyer_login" time="0.084" classname="VF_Quote_Creation_And_Response.FTL_Quote_Buyer_Side_Verification_Ranking_Basis_Per_Del"/>
  <testcase name="verify_Tolls_data_on_tandc" time="2.375" classname="VF_Quote_Creation_And_Response.FTL_Quote_Buyer_Side_Verification_Ranking_Basis_Per_Del"/>
  <testcase name="Verify_Freight_Per_Gallon_Values_in_TandC_for_Awarded_quote" time="0.711" classname="VF_Quote_Creation_And_Response.FTL_Quote_Buyer_Side_Verification_Ranking_Basis_Per_Del"/>
  <testcase name="Verify_$_Per_Period_Values_on_Workbench" time="0.867" classname="VF_Quote_Creation_And_Response.FTL_Quote_Buyer_Side_Verification_Ranking_Basis_Per_Del"/>
  <testcase name="Verify_$_Per_Gal_Values_on_Workbench" time="0.512" classname="VF_Quote_Creation_And_Response.FTL_Quote_Buyer_Side_Verification_Ranking_Basis_Per_Del"/>
  <testcase name="Verify_$_Per_del_Values_on_TandC" time="0.248" classname="VF_Quote_Creation_And_Response.FTL_Quote_Buyer_Side_Verification_Ranking_Basis_Per_Del"/>
  <testcase name="Close_Workbench_for_Awarded_quote" time="2.209" classname="VF_Quote_Creation_And_Response.FTL_Quote_Buyer_Side_Verification_Ranking_Basis_Per_Del"/>
  <testcase name="Open_Quote_In_Active_Tab" time="7.986" classname="VF_Quote_Creation_And_Response.FTL_Quote_Buyer_Side_Verification_Ranking_Basis_Per_Del"/>
  <testcase name="verify_Tolls_data_on_tandc_for_Awarded_Quote" time="2.640" classname="VF_Quote_Creation_And_Response.FTL_Quote_Buyer_Side_Verification_Ranking_Basis_Per_Del"/>
  <testcase name="Open_Workbench" time="0.210" classname="VF_Quote_Creation_And_Response.FTL_Quote_Buyer_Side_Verification_Ranking_Basis_Per_Del"/>
  <testcase name="Open_View_in_TandC" time="0.147" classname="VF_Quote_Creation_And_Response.FTL_Quote_Buyer_Side_Verification_Ranking_Basis_Per_Del"/>
  <testcase name="Verify_Total_Charges_Frt_$_Per_Gall_in_TandC" time="0.548" classname="VF_Quote_Creation_And_Response.FTL_Quote_Buyer_Side_Verification_Ranking_Basis_Per_Del"/>
  <testcase name="Verify_Quote_in_Awarded_Tab" time="4.285" classname="VF_Quote_Creation_And_Response.FTL_Quote_Buyer_Side_Verification_Ranking_Basis_Per_Del"/>
  <testcase name="Verify_Freight_Per_Gallon_Values_in_WorkBench" time="0.591" classname="VF_Quote_Creation_And_Response.FTL_Quote_Buyer_Side_Verification_Ranking_Basis_Per_Del"/>
  <testcase name="Close_Workbench" time="2.167" classname="VF_Quote_Creation_And_Response.FTL_Quote_Buyer_Side_Verification_Ranking_Basis_Per_Del"/>
  <testcase name="Verify_$_Per_Gal_Values_on_TandC" time="0.385" classname="VF_Quote_Creation_And_Response.FTL_Quote_Buyer_Side_Verification_Ranking_Basis_Per_Del"/>
  <testcase name="Navigate_to_Create_Or_View_Page" time="5.339" classname="VF_Quote_Creation_And_Response.FTL_Quote_Buyer_Side_Verification_Ranking_Basis_Per_Del"/>
  <testcase name="Verify_$_Per_del_Values_on_Workbench" time="0.348" classname="VF_Quote_Creation_And_Response.FTL_Quote_Buyer_Side_Verification_Ranking_Basis_Per_Del"/>
  <testcase name="Verify_$_Per_Period_Values_on_Workbench_for_Awarded_quote" time="0.797" classname="VF_Quote_Creation_And_Response.FTL_Quote_Buyer_Side_Verification_Ranking_Basis_Per_Del"/>
  <testcase name="Veify_Buyer_Logout" time="4.094" classname="VF_Quote_Creation_And_Response.FTL_Quote_Buyer_Side_Verification_Ranking_Basis_Per_Del"/>
  <testcase name="Verify_FuelSurcharge_and_Accesorialfees_in_Workbench" time="2.261" classname="VF_Quote_Creation_And_Response.FTL_Quote_Buyer_Side_Verification_Ranking_Basis_Per_Del"/>
  <testcase name="Verify_finaltotal_and_RankingBasis_Values_in_TandC" time="5.578" classname="VF_Quote_Creation_And_Response.FTL_Quote_Buyer_Side_Verification_Ranking_Basis_Per_Del"/>
  <testcase name="Open_Workbench_for_Awarded_quote" time="0.239" classname="VF_Quote_Creation_And_Response.FTL_Quote_Buyer_Side_Verification_Ranking_Basis_Per_Del"/>
  <testcase name="Award_Quote" time="28.520" classname="VF_Quote_Creation_And_Response.FTL_Quote_Buyer_Side_Verification_Ranking_Basis_Per_Del"/>
  <testcase name="Verify_Freight_Per_Gallon_Values_in_TandC" time="0.556" classname="VF_Quote_Creation_And_Response.FTL_Quote_Buyer_Side_Verification_Ranking_Basis_Per_Del"/>
  <testcase name="Open_Awarded_Quote" time="19.442" classname="VF_Quote_Creation_And_Response.FTL_Quote_Buyer_Side_Verification_Ranking_Basis_Per_Del"/>
  <testcase name="Verify_awarded_Quote_Status" time="0.058" classname="VF_Quote_Creation_And_Response.FTL_Quote_Buyer_Side_Verification_Ranking_Basis_Per_Del"/>
  <testcase name="Verify_Buyer_Calculations_on_Workbench" time="17.327" classname="VF_Quote_Creation_And_Response.FTL_Quote_Buyer_Side_Verification_Ranking_Basis_Per_Del"/>
  <testcase name="Verify_FuelSurcharge_and_Accesorialfees_in_Workbench_for_Awarded_quote" time="2.340" classname="VF_Quote_Creation_And_Response.FTL_Quote_Buyer_Side_Verification_Ranking_Basis_Per_Del"/>
  <testcase name="Open_TandC_for_Awarded_Quote" time="0.162" classname="VF_Quote_Creation_And_Response.FTL_Quote_Buyer_Side_Verification_Ranking_Basis_Per_Del"/>
  <testcase name="Buyer_Login" time="15.114" classname="VF_Quote_Creation_And_Response.FTL_Quote_Buyer_Side_Verification_Ranking_Basis_Per_Del"/>
  <testcase name="Verify_$_Per_Gal_Values_on_Workbench_for_Awarded_quote" time="0.300" classname="VF_Quote_Creation_And_Response.FTL_Quote_Buyer_Side_Verification_Ranking_Basis_Per_Del"/>
  <testcase name="Verify_Total_Charges_Frt_$_Per_Gall_in_Workbench" time="0.545" classname="VF_Quote_Creation_And_Response.FTL_Quote_Buyer_Side_Verification_Ranking_Basis_Per_Del"/>
  <testcase name="Verify_FuelSurcharge_and_Accessorial_Service_Fees_Per_Delivery_in_TandC" time="8.943" classname="VF_Quote_Creation_And_Response.FTL_Quote_Buyer_Side_Verification_Ranking_Basis_Per_Del"/>
  <testcase name="Verify_FuelSurcharge_and_Accesorialfees_in_TandC_for_Awarded_Quote" time="10.406" classname="VF_Quote_Creation_And_Response.FTL_Quote_Buyer_Side_Verification_Ranking_Basis_Per_Del"/>
  <testcase name="Verify_$_Per_Gal_Values_on_TandC_for_Awarded_quote" time="0.404" classname="VF_Quote_Creation_And_Response.FTL_Quote_Buyer_Side_Verification_Ranking_Basis_Per_Del"/>
  <testcase name="Verify_Page_Navigated_To_Delivery_Location" time="2.288" classname="VF_Quote_Creation_And_Response.FTL_Quote_Buyer_Side_Verification_Ranking_Basis_Per_Del"/>
  <testcase name="Verify_Tolls_in_Workbench_for_Awarded_quote" time="0.350" classname="VF_Quote_Creation_And_Response.FTL_Quote_Buyer_Side_Verification_Ranking_Basis_Per_Del"/>
</testsuite> <!-- VF_Quote_Creation_And_Response.FTL_Quote_Buyer_Side_Verification_Ranking_Basis_Per_Del -->
