<?xml version="1.0" encoding="UTF-8"?>
<!-- Generated by org.testng.reporters.JUnitReportReporter -->
<testsuite hostname="Kiran-PC" name="VF_Quote_Creation_And_Response.LTL_MF_Quote_Buyer_Side_Verification_Ranking_Basis_Per_Del" tests="32" failures="0" timestamp="1 Jun 2020 12:28:55 GMT" time="238.756" errors="0">
  <testcase name="Navigate_to_Create_Or_View_Page" time="6.133" classname="VF_Quote_Creation_And_Response.LTL_MF_Quote_Buyer_Side_Verification_Ranking_Basis_Per_Del"/>
  <testcase name="Open_Quote_In_Active_Tab" time="11.229" classname="VF_Quote_Creation_And_Response.LTL_MF_Quote_Buyer_Side_Verification_Ranking_Basis_Per_Del"/>
  <testcase name="Verify_Buyer_Calculations_on_Workbench" time="12.872" classname="VF_Quote_Creation_And_Response.LTL_MF_Quote_Buyer_Side_Verification_Ranking_Basis_Per_Del"/>
  <testcase name="Verify_Page_Navigated_To_Delivery_Location" time="17.337" classname="VF_Quote_Creation_And_Response.LTL_MF_Quote_Buyer_Side_Verification_Ranking_Basis_Per_Del"/>
  <testcase name="Open_Workbench" time="0.244" classname="VF_Quote_Creation_And_Response.LTL_MF_Quote_Buyer_Side_Verification_Ranking_Basis_Per_Del"/>
  <testcase name="Verify_Delivery_Flat_Fee_for_Seller_Freight_Rates_In_TandC_for_Awarded_Quote" time="4.046" classname="VF_Quote_Creation_And_Response.LTL_MF_Quote_Buyer_Side_Verification_Ranking_Basis_Per_Del"/>
  <testcase name="Award_Quote" time="39.341" classname="VF_Quote_Creation_And_Response.LTL_MF_Quote_Buyer_Side_Verification_Ranking_Basis_Per_Del"/>
  <testcase name="Verify_Delivery_Flat_Fee_for_Seller_Freight_Rates_In_Workbench_for_Awarded_quote" time="0.718" classname="VF_Quote_Creation_And_Response.LTL_MF_Quote_Buyer_Side_Verification_Ranking_Basis_Per_Del"/>
  <testcase name="Open_View_in_TandC_in_Awarded_Quote" time="0.224" classname="VF_Quote_Creation_And_Response.LTL_MF_Quote_Buyer_Side_Verification_Ranking_Basis_Per_Del"/>
  <testcase name="Open_View_in_TandC" time="0.153" classname="VF_Quote_Creation_And_Response.LTL_MF_Quote_Buyer_Side_Verification_Ranking_Basis_Per_Del"/>
  <testcase name="Buyer_Login" time="34.329" classname="VF_Quote_Creation_And_Response.LTL_MF_Quote_Buyer_Side_Verification_Ranking_Basis_Per_Del"/>
  <testcase name="Veify_Buyer_Logout" time="4.177" classname="VF_Quote_Creation_And_Response.LTL_MF_Quote_Buyer_Side_Verification_Ranking_Basis_Per_Del"/>
  <testcase name="Verify_Freight_And_Margin_$_Per_Gallon_for_Seller_Freight_Rates_In_Workbench_for_Awarded_quote" time="0.377" classname="VF_Quote_Creation_And_Response.LTL_MF_Quote_Buyer_Side_Verification_Ranking_Basis_Per_Del"/>
  <testcase name="Verify_Delivery_Flat_Fee_for_Seller_Freight_Rates_In_TandC" time="4.561" classname="VF_Quote_Creation_And_Response.LTL_MF_Quote_Buyer_Side_Verification_Ranking_Basis_Per_Del"/>
  <testcase name="Verify_Final_Total_And_Ranking_Basis_in_TandC_for_Awarded_Quote" time="3.606" classname="VF_Quote_Creation_And_Response.LTL_MF_Quote_Buyer_Side_Verification_Ranking_Basis_Per_Del"/>
  <testcase name="Verify_awarded_Quote_Status" time="0.086" classname="VF_Quote_Creation_And_Response.LTL_MF_Quote_Buyer_Side_Verification_Ranking_Basis_Per_Del"/>
  <testcase name="Verify_Freight_And_Margin_$_Per_Gallon_for_Seller_Freight_Rates_In_TandC" time="0.220" classname="VF_Quote_Creation_And_Response.LTL_MF_Quote_Buyer_Side_Verification_Ranking_Basis_Per_Del"/>
  <testcase name="Verify_Freight_And_Margin_$_Per_Gallon_for_Seller_Freight_Rates_In_Workbench" time="0.268" classname="VF_Quote_Creation_And_Response.LTL_MF_Quote_Buyer_Side_Verification_Ranking_Basis_Per_Del"/>
  <testcase name="Open_Awarded_Quote" time="39.208" classname="VF_Quote_Creation_And_Response.LTL_MF_Quote_Buyer_Side_Verification_Ranking_Basis_Per_Del"/>
  <testcase name="Close_Workbench_for_Awarded_quote" time="2.357" classname="VF_Quote_Creation_And_Response.LTL_MF_Quote_Buyer_Side_Verification_Ranking_Basis_Per_Del"/>
  <testcase name="Verify_Freight_And_Margin_$_Per_Gallon_for_Seller_Freight_Rates_In_TandC_for_Awarded_Quote" time="0.482" classname="VF_Quote_Creation_And_Response.LTL_MF_Quote_Buyer_Side_Verification_Ranking_Basis_Per_Del"/>
  <testcase name="Verify_$_Per_Del_Values_in_Workbench" time="0.242" classname="VF_Quote_Creation_And_Response.LTL_MF_Quote_Buyer_Side_Verification_Ranking_Basis_Per_Del"/>
  <testcase name="Verify_Buyer_Calculations_on_Workbench_for_Awarded_quote" time="11.457" classname="VF_Quote_Creation_And_Response.LTL_MF_Quote_Buyer_Side_Verification_Ranking_Basis_Per_Del"/>
  <testcase name="Verify_$_Per_Del_Values_in_Workbench_for_Awarded_quote" time="0.309" classname="VF_Quote_Creation_And_Response.LTL_MF_Quote_Buyer_Side_Verification_Ranking_Basis_Per_Del"/>
  <testcase name="Browser" time="32.549" classname="VF_Quote_Creation_And_Response.LTL_MF_Quote_Buyer_Side_Verification_Ranking_Basis_Per_Del"/>
  <testcase name="Close_Workbench" time="2.386" classname="VF_Quote_Creation_And_Response.LTL_MF_Quote_Buyer_Side_Verification_Ranking_Basis_Per_Del"/>
  <testcase name="Open_Workbench_for_Awarded_quote" time="0.206" classname="VF_Quote_Creation_And_Response.LTL_MF_Quote_Buyer_Side_Verification_Ranking_Basis_Per_Del"/>
  <testcase name="verify_buyer_login" time="0.084" classname="VF_Quote_Creation_And_Response.LTL_MF_Quote_Buyer_Side_Verification_Ranking_Basis_Per_Del"/>
  <testcase name="Verify_Delivery_Flat_Fee_for_Seller_Freight_Rates_In_Workbench" time="0.772" classname="VF_Quote_Creation_And_Response.LTL_MF_Quote_Buyer_Side_Verification_Ranking_Basis_Per_Del"/>
  <testcase name="Verify_Quote_in_Awarded_Tab" time="5.316" classname="VF_Quote_Creation_And_Response.LTL_MF_Quote_Buyer_Side_Verification_Ranking_Basis_Per_Del"/>
  <testcase name="Verify_Page_Navigated_To_Delivery_Location_in_Awarded_Quote" time="0.064" classname="VF_Quote_Creation_And_Response.LTL_MF_Quote_Buyer_Side_Verification_Ranking_Basis_Per_Del"/>
  <testcase name="Verify_Final_Total_And_Ranking_Basis_in_TandC" time="3.403" classname="VF_Quote_Creation_And_Response.LTL_MF_Quote_Buyer_Side_Verification_Ranking_Basis_Per_Del"/>
</testsuite> <!-- VF_Quote_Creation_And_Response.LTL_MF_Quote_Buyer_Side_Verification_Ranking_Basis_Per_Del -->
