<?xml version="1.0" encoding="UTF-8"?>
<!-- Generated by org.testng.reporters.JUnitReportReporter -->
<testsuite hostname="Kiran-PC" name="VF_Quote_Creation_And_Response.LTL_TW_Quote_Creation_Buyer_Ranking_Basis_Per_Period" tests="14" failures="0" timestamp="3 Jun 2020 06:52:19 GMT" time="125.955" errors="0">
  <testcase name="Select_Division_And_Delivery_Location" time="6.392" classname="VF_Quote_Creation_And_Response.LTL_TW_Quote_Creation_Buyer_Ranking_Basis_Per_Period"/>
  <testcase name="Save_And_Send_Draft_Quote" time="8.633" classname="VF_Quote_Creation_And_Response.LTL_TW_Quote_Creation_Buyer_Ranking_Basis_Per_Period"/>
  <testcase name="Select_Payment_and_Service_Schedule_Pattern_in_TandC" time="6.859" classname="VF_Quote_Creation_And_Response.LTL_TW_Quote_Creation_Buyer_Ranking_Basis_Per_Period"/>
  <testcase name="Navigate_to_Create_Or_View_Page" time="4.870" classname="VF_Quote_Creation_And_Response.LTL_TW_Quote_Creation_Buyer_Ranking_Basis_Per_Period"/>
  <testcase name="Enter_Details_In_Create_Quote" time="6.010" classname="VF_Quote_Creation_And_Response.LTL_TW_Quote_Creation_Buyer_Ranking_Basis_Per_Period"/>
  <testcase name="Select_Sellers_for_Draft_Quote" time="14.263" classname="VF_Quote_Creation_And_Response.LTL_TW_Quote_Creation_Buyer_Ranking_Basis_Per_Period"/>
  <testcase name="Open_Modify" time="6.756" classname="VF_Quote_Creation_And_Response.LTL_TW_Quote_Creation_Buyer_Ranking_Basis_Per_Period"/>
  <testcase name="Enter_Details_In_Tand" time="29.083" classname="VF_Quote_Creation_And_Response.LTL_TW_Quote_Creation_Buyer_Ranking_Basis_Per_Period"/>
  <testcase name="verify_buyer_login" time="1.186" classname="VF_Quote_Creation_And_Response.LTL_TW_Quote_Creation_Buyer_Ranking_Basis_Per_Period"/>
  <testcase name="Browser" time="12.876" classname="VF_Quote_Creation_And_Response.LTL_TW_Quote_Creation_Buyer_Ranking_Basis_Per_Period"/>
  <testcase name="Buyer_Login" time="11.215" classname="VF_Quote_Creation_And_Response.LTL_TW_Quote_Creation_Buyer_Ranking_Basis_Per_Period"/>
  <testcase name="Logout_Buyer" time="3.699" classname="VF_Quote_Creation_And_Response.LTL_TW_Quote_Creation_Buyer_Ranking_Basis_Per_Period"/>
  <testcase name="Quote_Save_As_Draft" time="7.503" classname="VF_Quote_Creation_And_Response.LTL_TW_Quote_Creation_Buyer_Ranking_Basis_Per_Period"/>
  <testcase name="Verify_Save_And_Send_Quote_in_Active_tab" time="6.610" classname="VF_Quote_Creation_And_Response.LTL_TW_Quote_Creation_Buyer_Ranking_Basis_Per_Period"/>
</testsuite> <!-- VF_Quote_Creation_And_Response.LTL_TW_Quote_Creation_Buyer_Ranking_Basis_Per_Period -->
