<?xml version="1.0" encoding="UTF-8"?>
<!-- Generated by org.testng.reporters.JUnitReportReporter -->
<testsuite hostname="Kiran-PC" name="VF_Quote_Creation_And_Response.FTL_Quote_Creation_Buyer_Ranking_Basis_Per_Del" tests="13" failures="0" timestamp="3 Jun 2020 07:21:54 GMT" time="171.017" errors="0">
  <testcase name="Enter_Details_In_Tand" time="68.144" classname="VF_Quote_Creation_And_Response.FTL_Quote_Creation_Buyer_Ranking_Basis_Per_Del"/>
  <testcase name="Select_Division_And_Delivery_Location" time="10.821" classname="VF_Quote_Creation_And_Response.FTL_Quote_Creation_Buyer_Ranking_Basis_Per_Del"/>
  <testcase name="Open_Modify" time="7.958" classname="VF_Quote_Creation_And_Response.FTL_Quote_Creation_Buyer_Ranking_Basis_Per_Del"/>
  <testcase name="verify_buyer_login" time="0.569" classname="VF_Quote_Creation_And_Response.FTL_Quote_Creation_Buyer_Ranking_Basis_Per_Del"/>
  <testcase name="Verify_Save_And_Send_Quote_In_Active_Quotes" time="9.942" classname="VF_Quote_Creation_And_Response.FTL_Quote_Creation_Buyer_Ranking_Basis_Per_Del"/>
  <testcase name="Quote_Save_As_Draft" time="8.844" classname="VF_Quote_Creation_And_Response.FTL_Quote_Creation_Buyer_Ranking_Basis_Per_Del"/>
  <testcase name="Save_And_Send_Quote_To_Seller" time="8.973" classname="VF_Quote_Creation_And_Response.FTL_Quote_Creation_Buyer_Ranking_Basis_Per_Del"/>
  <testcase name="Buyer_Login" time="9.723" classname="VF_Quote_Creation_And_Response.FTL_Quote_Creation_Buyer_Ranking_Basis_Per_Del"/>
  <testcase name="Navigate_to_Create_Or_View_Page" time="5.043" classname="VF_Quote_Creation_And_Response.FTL_Quote_Creation_Buyer_Ranking_Basis_Per_Del"/>
  <testcase name="Enter_Details_In_Create_Quote" time="6.531" classname="VF_Quote_Creation_And_Response.FTL_Quote_Creation_Buyer_Ranking_Basis_Per_Del"/>
  <testcase name="Browser" time="11.842" classname="VF_Quote_Creation_And_Response.FTL_Quote_Creation_Buyer_Ranking_Basis_Per_Del"/>
  <testcase name="Veify_Buyer_Logout" time="3.774" classname="VF_Quote_Creation_And_Response.FTL_Quote_Creation_Buyer_Ranking_Basis_Per_Del"/>
  <testcase name="Select_Sellers_For_Quote" time="18.853" classname="VF_Quote_Creation_And_Response.FTL_Quote_Creation_Buyer_Ranking_Basis_Per_Del"/>
</testsuite> <!-- VF_Quote_Creation_And_Response.FTL_Quote_Creation_Buyer_Ranking_Basis_Per_Del -->
