<?xml version="1.0" encoding="UTF-8"?>
<!-- Generated by org.testng.reporters.JUnitReportReporter -->
<testsuite hostname="Kiran-PC" name="VF_Quote_Creation_And_Response.LTL_TW_Quote_Seller_Response_Ranking_Basis_Per_Gal" tests="29" failures="0" timestamp="3 Jun 2020 06:52:19 GMT" time="119.707" errors="0">
  <testcase name="Save_Response_in_Quick_Response" time="4.187" classname="VF_Quote_Creation_And_Response.LTL_TW_Quote_Seller_Response_Ranking_Basis_Per_Gal"/>
  <testcase name="verify_Submitted_quote_in_Active" time="24.669" classname="VF_Quote_Creation_And_Response.LTL_TW_Quote_Seller_Response_Ranking_Basis_Per_Gal"/>
  <testcase name="verify_Seller_login" time="1.112" classname="VF_Quote_Creation_And_Response.LTL_TW_Quote_Seller_Response_Ranking_Basis_Per_Gal"/>
  <testcase name="Enter_Delivery_Flat_Fee_And_freight_$_per_gal_in_Quick_response_grid" time="1.194" classname="VF_Quote_Creation_And_Response.LTL_TW_Quote_Seller_Response_Ranking_Basis_Per_Gal"/>
  <testcase name="Verify_$_Per_Period_Values_in_Workbench" time="0.321" classname="VF_Quote_Creation_And_Response.LTL_TW_Quote_Seller_Response_Ranking_Basis_Per_Gal"/>
  <testcase name="Retrieve_$_Per_Del_Values_From_TandC" time="0.233" classname="VF_Quote_Creation_And_Response.LTL_TW_Quote_Seller_Response_Ranking_Basis_Per_Gal"/>
  <testcase name="Verify_$_Per_Del_Values_in_Workbench" time="0.217" classname="VF_Quote_Creation_And_Response.LTL_TW_Quote_Seller_Response_Ranking_Basis_Per_Gal"/>
  <testcase name="Select_OPIS_State_And_City" time="8.337" classname="VF_Quote_Creation_And_Response.LTL_TW_Quote_Seller_Response_Ranking_Basis_Per_Gal"/>
  <testcase name="Verify_Freight_And_Margin_$_Per_Gallon_for_Seller_Freight_Rates_In_TandC" time="0.255" classname="VF_Quote_Creation_And_Response.LTL_TW_Quote_Seller_Response_Ranking_Basis_Per_Gal"/>
  <testcase name="Verify_Delivery_Flat_Fee_for_Seller_Freight_Rates_In_Workbench" time="3.116" classname="VF_Quote_Creation_And_Response.LTL_TW_Quote_Seller_Response_Ranking_Basis_Per_Gal"/>
  <testcase name="Seller_Login" time="9.655" classname="VF_Quote_Creation_And_Response.LTL_TW_Quote_Seller_Response_Ranking_Basis_Per_Gal"/>
  <testcase name="Verify_Delivery_Flat_Fee_for_Seller_Freight_Rates_In_TandC" time="6.787" classname="VF_Quote_Creation_And_Response.LTL_TW_Quote_Seller_Response_Ranking_Basis_Per_Gal"/>
  <testcase name="Set_Product_Category_Values" time="0.291" classname="VF_Quote_Creation_And_Response.LTL_TW_Quote_Seller_Response_Ranking_Basis_Per_Gal"/>
  <testcase name="Verify_$_Per_Gal_Values_in_Workbench" time="0.231" classname="VF_Quote_Creation_And_Response.LTL_TW_Quote_Seller_Response_Ranking_Basis_Per_Gal"/>
  <testcase name="Verify_Quote_status_as_NEW" time="0.087" classname="VF_Quote_Creation_And_Response.LTL_TW_Quote_Seller_Response_Ranking_Basis_Per_Gal"/>
  <testcase name="Verify_Quote_status_as_HoldAsDraft" time="0.042" classname="VF_Quote_Creation_And_Response.LTL_TW_Quote_Seller_Response_Ranking_Basis_Per_Gal"/>
  <testcase name="check_Publish_To_Buyer_Calculator" time="0.218" classname="VF_Quote_Creation_And_Response.LTL_TW_Quote_Seller_Response_Ranking_Basis_Per_Gal"/>
  <testcase name="Get_Values_from_Buyer_Calculator" time="1.535" classname="VF_Quote_Creation_And_Response.LTL_TW_Quote_Seller_Response_Ranking_Basis_Per_Gal"/>
  <testcase name="Verify_Quote_status_as_ReadytoSubmit" time="0.100" classname="VF_Quote_Creation_And_Response.LTL_TW_Quote_Seller_Response_Ranking_Basis_Per_Gal"/>
  <testcase name="Verify_finaltotal_and_RankingBasis_Values" time="10.753" classname="VF_Quote_Creation_And_Response.LTL_TW_Quote_Seller_Response_Ranking_Basis_Per_Gal"/>
  <testcase name="Retrieve_$_Per_Gal_Values_From_TandC" time="0.324" classname="VF_Quote_Creation_And_Response.LTL_TW_Quote_Seller_Response_Ranking_Basis_Per_Gal"/>
  <testcase name="Navigate_to_Review_Quote" time="9.855" classname="VF_Quote_Creation_And_Response.LTL_TW_Quote_Seller_Response_Ranking_Basis_Per_Gal"/>
  <testcase name="Seller_New_Quote_Search" time="14.427" classname="VF_Quote_Creation_And_Response.LTL_TW_Quote_Seller_Response_Ranking_Basis_Per_Gal"/>
  <testcase name="Logout_seller" time="1.712" classname="VF_Quote_Creation_And_Response.LTL_TW_Quote_Seller_Response_Ranking_Basis_Per_Gal"/>
  <testcase name="Retrieve_$_Per_Period_Values_From_TandC" time="0.233" classname="VF_Quote_Creation_And_Response.LTL_TW_Quote_Seller_Response_Ranking_Basis_Per_Gal"/>
  <testcase name="Verify_Freight_And_Margin_$_Per_Gallon_for_Seller_Freight_Rates_In_Workbench" time="0.216" classname="VF_Quote_Creation_And_Response.LTL_TW_Quote_Seller_Response_Ranking_Basis_Per_Gal"/>
  <testcase name="Enter_valid_Margin_$_Per_Gal" time="0.769" classname="VF_Quote_Creation_And_Response.LTL_TW_Quote_Seller_Response_Ranking_Basis_Per_Gal"/>
  <testcase name="Submit_response" time="6.511" classname="VF_Quote_Creation_And_Response.LTL_TW_Quote_Seller_Response_Ranking_Basis_Per_Gal"/>
  <testcase name="Open_Browser" time="12.320" classname="VF_Quote_Creation_And_Response.LTL_TW_Quote_Seller_Response_Ranking_Basis_Per_Gal"/>
</testsuite> <!-- VF_Quote_Creation_And_Response.LTL_TW_Quote_Seller_Response_Ranking_Basis_Per_Gal -->
