<?xml version="1.0" encoding="UTF-8"?>
<!-- Generated by org.testng.reporters.JUnitReportReporter -->
<testsuite hostname="Kiran-PC" name="VF_Quote_Creation_And_Response.LTL_MF_Quote_Seller_Response_Ranking_Basis_Per_Gal" tests="29" failures="0" timestamp="1 Jun 2020 12:37:23 GMT" time="125.123" errors="0">
  <testcase name="Navigate_to_Review_Quote" time="13.163" classname="VF_Quote_Creation_And_Response.LTL_MF_Quote_Seller_Response_Ranking_Basis_Per_Gal"/>
  <testcase name="Save_Response_in_Quick_Response" time="4.149" classname="VF_Quote_Creation_And_Response.LTL_MF_Quote_Seller_Response_Ranking_Basis_Per_Gal"/>
  <testcase name="Seller_New_Quote_Search" time="15.487" classname="VF_Quote_Creation_And_Response.LTL_MF_Quote_Seller_Response_Ranking_Basis_Per_Gal"/>
  <testcase name="verify_Submitted_quote_in_Active" time="23.905" classname="VF_Quote_Creation_And_Response.LTL_MF_Quote_Seller_Response_Ranking_Basis_Per_Gal"/>
  <testcase name="Retrieve_$_Per_Gal_Values_From_TandC" time="0.485" classname="VF_Quote_Creation_And_Response.LTL_MF_Quote_Seller_Response_Ranking_Basis_Per_Gal"/>
  <testcase name="Verify_Freight_And_Margin_$_Per_Gallon_for_Seller_Freight_Rates_In_Workbench" time="0.229" classname="VF_Quote_Creation_And_Response.LTL_MF_Quote_Seller_Response_Ranking_Basis_Per_Gal"/>
  <testcase name="Seller_Login" time="10.926" classname="VF_Quote_Creation_And_Response.LTL_MF_Quote_Seller_Response_Ranking_Basis_Per_Gal"/>
  <testcase name="Retrieve_$_Per_Period_Values_From_TandC" time="0.550" classname="VF_Quote_Creation_And_Response.LTL_MF_Quote_Seller_Response_Ranking_Basis_Per_Gal"/>
  <testcase name="Verify_Quote_status_as_ReadytoSubmit" time="0.052" classname="VF_Quote_Creation_And_Response.LTL_MF_Quote_Seller_Response_Ranking_Basis_Per_Gal"/>
  <testcase name="Verify_Quote_status_as_HoldAsDraft" time="0.058" classname="VF_Quote_Creation_And_Response.LTL_MF_Quote_Seller_Response_Ranking_Basis_Per_Gal"/>
  <testcase name="Set_Product_Category_Values" time="0.784" classname="VF_Quote_Creation_And_Response.LTL_MF_Quote_Seller_Response_Ranking_Basis_Per_Gal"/>
  <testcase name="Verify_$_Per_Period_Values_in_Workbench" time="0.211" classname="VF_Quote_Creation_And_Response.LTL_MF_Quote_Seller_Response_Ranking_Basis_Per_Gal"/>
  <testcase name="Enter_valid_Margin_$_Per_Gal" time="0.600" classname="VF_Quote_Creation_And_Response.LTL_MF_Quote_Seller_Response_Ranking_Basis_Per_Gal"/>
  <testcase name="Get_Values_from_Buyer_Calculator" time="1.444" classname="VF_Quote_Creation_And_Response.LTL_MF_Quote_Seller_Response_Ranking_Basis_Per_Gal"/>
  <testcase name="Verify_Delivery_Flat_Fee_for_Seller_Freight_Rates_In_Workbench" time="2.651" classname="VF_Quote_Creation_And_Response.LTL_MF_Quote_Seller_Response_Ranking_Basis_Per_Gal"/>
  <testcase name="Open_Browser" time="9.468" classname="VF_Quote_Creation_And_Response.LTL_MF_Quote_Seller_Response_Ranking_Basis_Per_Gal"/>
  <testcase name="Verify_$_Per_Gal_Values_in_Workbench" time="0.213" classname="VF_Quote_Creation_And_Response.LTL_MF_Quote_Seller_Response_Ranking_Basis_Per_Gal"/>
  <testcase name="Submit_response" time="6.390" classname="VF_Quote_Creation_And_Response.LTL_MF_Quote_Seller_Response_Ranking_Basis_Per_Gal"/>
  <testcase name="Logout_seller" time="1.551" classname="VF_Quote_Creation_And_Response.LTL_MF_Quote_Seller_Response_Ranking_Basis_Per_Gal"/>
  <testcase name="check_Publish_To_Buyer_Calculator" time="2.465" classname="VF_Quote_Creation_And_Response.LTL_MF_Quote_Seller_Response_Ranking_Basis_Per_Gal"/>
  <testcase name="Verify_Delivery_Flat_Fee_for_Seller_Freight_Rates_In_TandC" time="7.987" classname="VF_Quote_Creation_And_Response.LTL_MF_Quote_Seller_Response_Ranking_Basis_Per_Gal"/>
  <testcase name="Select_OPIS_State_And_City" time="8.554" classname="VF_Quote_Creation_And_Response.LTL_MF_Quote_Seller_Response_Ranking_Basis_Per_Gal"/>
  <testcase name="Verify_finaltotal_and_RankingBasis_Values" time="10.677" classname="VF_Quote_Creation_And_Response.LTL_MF_Quote_Seller_Response_Ranking_Basis_Per_Gal"/>
  <testcase name="verify_Seller_login" time="1.118" classname="VF_Quote_Creation_And_Response.LTL_MF_Quote_Seller_Response_Ranking_Basis_Per_Gal"/>
  <testcase name="Enter_Delivery_Flat_Fee_And_freight_$_per_gal_in_Quick_response_grid" time="0.976" classname="VF_Quote_Creation_And_Response.LTL_MF_Quote_Seller_Response_Ranking_Basis_Per_Gal"/>
  <testcase name="Retrieve_$_Per_Del_Values_From_TandC" time="0.489" classname="VF_Quote_Creation_And_Response.LTL_MF_Quote_Seller_Response_Ranking_Basis_Per_Gal"/>
  <testcase name="Verify_$_Per_Del_Values_in_Workbench" time="0.221" classname="VF_Quote_Creation_And_Response.LTL_MF_Quote_Seller_Response_Ranking_Basis_Per_Gal"/>
  <testcase name="Verify_Freight_And_Margin_$_Per_Gallon_for_Seller_Freight_Rates_In_TandC" time="0.214" classname="VF_Quote_Creation_And_Response.LTL_MF_Quote_Seller_Response_Ranking_Basis_Per_Gal"/>
  <testcase name="Verify_Quote_status_as_NEW" time="0.106" classname="VF_Quote_Creation_And_Response.LTL_MF_Quote_Seller_Response_Ranking_Basis_Per_Gal"/>
</testsuite> <!-- VF_Quote_Creation_And_Response.LTL_MF_Quote_Seller_Response_Ranking_Basis_Per_Gal -->
