<?xml version="1.0" encoding="UTF-8"?>
<!-- Generated by org.testng.reporters.JUnitReportReporter -->
<testsuite hostname="Kiran-PC" name="VF_Quote_Creation_And_Response.LTL_MF_Quote_Seller_Response_Ranking_Basis_Per_Del" tests="29" failures="0" timestamp="1 Jun 2020 12:24:43 GMT" time="224.448" errors="0">
  <testcase name="Retrieve_$_Per_Period_Values_From_TandC" time="0.339" classname="VF_Quote_Creation_And_Response.LTL_MF_Quote_Seller_Response_Ranking_Basis_Per_Del"/>
  <testcase name="Seller_New_Quote_Search" time="18.729" classname="VF_Quote_Creation_And_Response.LTL_MF_Quote_Seller_Response_Ranking_Basis_Per_Del"/>
  <testcase name="verify_Seller_login" time="1.929" classname="VF_Quote_Creation_And_Response.LTL_MF_Quote_Seller_Response_Ranking_Basis_Per_Del"/>
  <testcase name="Retrieve_$_Per_Gal_Values_From_TandC" time="0.432" classname="VF_Quote_Creation_And_Response.LTL_MF_Quote_Seller_Response_Ranking_Basis_Per_Del"/>
  <testcase name="Set_Product_Category_Values" time="0.902" classname="VF_Quote_Creation_And_Response.LTL_MF_Quote_Seller_Response_Ranking_Basis_Per_Del"/>
  <testcase name="Get_Values_from_Buyer_Calculator" time="1.438" classname="VF_Quote_Creation_And_Response.LTL_MF_Quote_Seller_Response_Ranking_Basis_Per_Del"/>
  <testcase name="check_Publish_To_Buyer_Calculator" time="2.674" classname="VF_Quote_Creation_And_Response.LTL_MF_Quote_Seller_Response_Ranking_Basis_Per_Del"/>
  <testcase name="Seller_Login" time="26.603" classname="VF_Quote_Creation_And_Response.LTL_MF_Quote_Seller_Response_Ranking_Basis_Per_Del"/>
  <testcase name="Verify_Quote_status_as_NEW" time="0.096" classname="VF_Quote_Creation_And_Response.LTL_MF_Quote_Seller_Response_Ranking_Basis_Per_Del"/>
  <testcase name="Save_Response_in_Quick_Response" time="4.289" classname="VF_Quote_Creation_And_Response.LTL_MF_Quote_Seller_Response_Ranking_Basis_Per_Del"/>
  <testcase name="Verify_$_Per_Del_Values_in_Workbench" time="0.277" classname="VF_Quote_Creation_And_Response.LTL_MF_Quote_Seller_Response_Ranking_Basis_Per_Del"/>
  <testcase name="Verify_Quote_status_as_HoldAsDraft" time="0.069" classname="VF_Quote_Creation_And_Response.LTL_MF_Quote_Seller_Response_Ranking_Basis_Per_Del"/>
  <testcase name="Navigate_to_Review_Quote" time="43.613" classname="VF_Quote_Creation_And_Response.LTL_MF_Quote_Seller_Response_Ranking_Basis_Per_Del"/>
  <testcase name="Select_OPIS_State_And_City" time="10.200" classname="VF_Quote_Creation_And_Response.LTL_MF_Quote_Seller_Response_Ranking_Basis_Per_Del"/>
  <testcase name="Verify_Quote_status_as_ReadytoSubmit" time="0.219" classname="VF_Quote_Creation_And_Response.LTL_MF_Quote_Seller_Response_Ranking_Basis_Per_Del"/>
  <testcase name="Enter_valid_Margin_$_Per_Gal" time="0.717" classname="VF_Quote_Creation_And_Response.LTL_MF_Quote_Seller_Response_Ranking_Basis_Per_Del"/>
  <testcase name="Retrieve_$_Per_Del_Values_From_TandC" time="0.443" classname="VF_Quote_Creation_And_Response.LTL_MF_Quote_Seller_Response_Ranking_Basis_Per_Del"/>
  <testcase name="Verify_Freight_And_Margin_$_Per_Gallon_for_Seller_Freight_Rates_In_Workbench" time="0.317" classname="VF_Quote_Creation_And_Response.LTL_MF_Quote_Seller_Response_Ranking_Basis_Per_Del"/>
  <testcase name="Verify_Freight_And_Margin_$_Per_Gallon_for_Seller_Freight_Rates_In_TandC" time="0.228" classname="VF_Quote_Creation_And_Response.LTL_MF_Quote_Seller_Response_Ranking_Basis_Per_Del"/>
  <testcase name="Verify_Delivery_Flat_Fee_for_Seller_Freight_Rates_In_TandC" time="23.002" classname="VF_Quote_Creation_And_Response.LTL_MF_Quote_Seller_Response_Ranking_Basis_Per_Del"/>
  <testcase name="Verify_finaltotal_and_RankingBasis_Values" time="12.711" classname="VF_Quote_Creation_And_Response.LTL_MF_Quote_Seller_Response_Ranking_Basis_Per_Del"/>
  <testcase name="verify_Submitted_quote_in_Active" time="25.462" classname="VF_Quote_Creation_And_Response.LTL_MF_Quote_Seller_Response_Ranking_Basis_Per_Del"/>
  <testcase name="Verify_$_Per_Gal_Values_in_Workbench" time="0.268" classname="VF_Quote_Creation_And_Response.LTL_MF_Quote_Seller_Response_Ranking_Basis_Per_Del"/>
  <testcase name="Verify_$_Per_Period_Values_in_Workbench" time="0.297" classname="VF_Quote_Creation_And_Response.LTL_MF_Quote_Seller_Response_Ranking_Basis_Per_Del"/>
  <testcase name="Submit_response" time="6.712" classname="VF_Quote_Creation_And_Response.LTL_MF_Quote_Seller_Response_Ranking_Basis_Per_Del"/>
  <testcase name="Open_Browser" time="35.874" classname="VF_Quote_Creation_And_Response.LTL_MF_Quote_Seller_Response_Ranking_Basis_Per_Del"/>
  <testcase name="Logout_seller" time="2.238" classname="VF_Quote_Creation_And_Response.LTL_MF_Quote_Seller_Response_Ranking_Basis_Per_Del"/>
  <testcase name="Enter_Delivery_Flat_Fee_And_freight_$_per_gal_in_Quick_response_grid" time="1.135" classname="VF_Quote_Creation_And_Response.LTL_MF_Quote_Seller_Response_Ranking_Basis_Per_Del"/>
  <testcase name="Verify_Delivery_Flat_Fee_for_Seller_Freight_Rates_In_Workbench" time="3.235" classname="VF_Quote_Creation_And_Response.LTL_MF_Quote_Seller_Response_Ranking_Basis_Per_Del"/>
</testsuite> <!-- VF_Quote_Creation_And_Response.LTL_MF_Quote_Seller_Response_Ranking_Basis_Per_Del -->
